[debug] [2023-12-07T16:36:20.808Z] ----------------------------------------------------------------------
[debug] [2023-12-07T16:36:20.810Z] Command:       C:\Program Files\nodejs\node.exe C:\Users\shree\AppData\Roaming\npm\node_modules\firebase-tools\lib\bin\firebase.js init
[debug] [2023-12-07T16:36:20.810Z] CLI Version:   13.0.0
[debug] [2023-12-07T16:36:20.810Z] Platform:      win32
[debug] [2023-12-07T16:36:20.811Z] Node Version:  v20.10.0
[debug] [2023-12-07T16:36:20.811Z] Time:          Thu Dec 07 2023 22:06:20 GMT+0530 (India Standard Time)
[debug] [2023-12-07T16:36:20.811Z] ----------------------------------------------------------------------
[debug] 
[debug] [2023-12-07T16:36:20.822Z] > command requires scopes: ["email","openid","https://www.googleapis.com/auth/cloudplatformprojects.readonly","https://www.googleapis.com/auth/firebase","https://www.googleapis.com/auth/cloud-platform"]
[debug] [2023-12-07T16:36:20.823Z] > authorizing via signed-in user (shreevatsnandan@gmail.com)
[info] 
     ######## #### ########  ######## ########     ###     ######  ########
     ##        ##  ##     ## ##       ##     ##  ##   ##  ##       ##
     ######    ##  ########  ######   ########  #########  ######  ######
     ##        ##  ##    ##  ##       ##     ## ##     ##       ## ##
     ##       #### ##     ## ######## ########  ##     ##  ######  ########

You're about to initialize a Firebase project in this directory:

  C:\Users\shree\Desktop\pftmgm

[info] 
=== Project Setup
[info] 
[info] First, let's associate this project directory with a Firebase project.
[info] You can create multiple project aliases by running firebase use --add, 
[info] but for now we'll just set up a default project.
[info] 
[debug] [2023-12-07T16:37:45.406Z] >>> [apiv2][query] GET https://firebase.googleapis.com/v1beta1/projects pageSize=100
[debug] [2023-12-07T16:37:46.458Z] <<< [apiv2][status] GET https://firebase.googleapis.com/v1beta1/projects 200
[debug] [2023-12-07T16:37:46.459Z] <<< [apiv2][body] GET https://firebase.googleapis.com/v1beta1/projects [omitted]
[info] i  Using project shreevats-portfolio (Shreevats Portfolio) 
[info] 
=== Hosting Setup
[debug] [2023-12-07T16:38:20.526Z] >>> [apiv2][query] GET https://firebase.googleapis.com/v1beta1/projects/shreevats-portfolio [none]
[debug] [2023-12-07T16:38:21.251Z] <<< [apiv2][status] GET https://firebase.googleapis.com/v1beta1/projects/shreevats-portfolio 200
[debug] [2023-12-07T16:38:21.251Z] <<< [apiv2][body] GET https://firebase.googleapis.com/v1beta1/projects/shreevats-portfolio {"projectId":"shreevats-portfolio","projectNumber":"510702025368","displayName":"Shreevats Portfolio","name":"projects/shreevats-portfolio","resources":{"hostingSite":"shreevats-portfolio"},"state":"ACTIVE","etag":"1_d219ce48-5e45-4c28-8a81-43fc15709245"}
[info] 
[info] Your public directory is the folder (relative to your project directory) that
[info] will contain Hosting assets to be uploaded with firebase deploy. If you
[info] have a build process for your assets, use your build's output directory.
[info] 
